<?xml version="1.0" encoding="UTF-8"?>
<!-- Generated by org.testng.reporters.JUnitXMLReporter -->
<testsuite hostname="LAP-04-1581" name="Default test" tests="4" failures="0" timestamp="6 Aug 2016 02:18:02 GMT" time="0.041" errors="0">
  <testcase name="test1" time="0.006" classname="com.deena.TestNGLearn.YahooTest"/>
  <testcase name="test2" time="0.002" classname="com.deena.TestNGLearn.YahooTest"/>
  <testcase name="test3" time="0.003" classname="com.deena.TestNGLearn.YahooTest">
    <skipped/>
  </testcase> <!-- test3 -->
  <testcase name="test4" time="0.006" classname="com.deena.TestNGLearn.YahooTest"/>
</testsuite> <!-- Default test -->
