<?xml version="1.0" encoding="UTF-8"?>
<testng-results skipped="0" failed="0" total="7" passed="7">
  <reporter-output>
  </reporter-output>
  <suite name="suite3_anyName" duration-ms="53" started-at="2016-10-14T09:14:57Z" finished-at="2016-10-14T09:14:57Z">
    <groups>
    </groups>
    <test name="test2_anyTestSuite3" duration-ms="53" started-at="2016-10-14T09:14:57Z" finished-at="2016-10-14T09:14:57Z">
      <class name="com.deena.TestNGLearn.YahooNewsTest">
        <test-method status="PASS" signature="News_Test1()[pri:1, instance:com.deena.TestNGLearn.YahooNewsTest@59e84876]" name="News_Test1" duration-ms="12" started-at="2016-10-14T14:44:57Z" finished-at="2016-10-14T14:44:57Z">
          <reporter-output>
          </reporter-output>
        </test-method> <!-- News_Test1 -->
        <test-method status="PASS" signature="News_Test2()[pri:2, instance:com.deena.TestNGLearn.YahooNewsTest@59e84876]" name="News_Test2" duration-ms="1" started-at="2016-10-14T14:44:57Z" finished-at="2016-10-14T14:44:57Z">
          <reporter-output>
          </reporter-output>
        </test-method> <!-- News_Test2 -->
        <test-method status="PASS" signature="News_Test3()[pri:3, instance:com.deena.TestNGLearn.YahooNewsTest@59e84876]" name="News_Test3" duration-ms="1" started-at="2016-10-14T14:44:57Z" depends-on-methods="com.deena.TestNGLearn.YahooNewsTest.News_Test2, com.deena.TestNGLearn.YahooNewsTest.News_Test1" finished-at="2016-10-14T14:44:57Z">
          <reporter-output>
          </reporter-output>
        </test-method> <!-- News_Test3 -->
      </class> <!-- com.deena.TestNGLearn.YahooNewsTest -->
      <class name="com.deena.TestNGLearn.YahooRegistrationTest">
        <test-method status="PASS" signature="reg_test4(java.lang.String, java.lang.String, java.lang.String, java.lang.String)[pri:0, instance:com.deena.TestNGLearn.YahooRegistrationTest@7946e1f4]" name="reg_test4" duration-ms="1" started-at="2016-10-14T14:44:57Z" data-provider="myregCommonData" finished-at="2016-10-14T14:44:57Z">
          <params>
            <param index="0">
              <value>
                <![CDATA[Sachin]]>
              </value>
            </param>
            <param index="1">
              <value>
                <![CDATA[password1]]>
              </value>
            </param>
            <param index="2">
              <value>
                <![CDATA[sachin@test.com]]>
              </value>
            </param>
            <param index="3">
              <value>
                <![CDATA[Mumbai]]>
              </value>
            </param>
          </params>
          <reporter-output>
          </reporter-output>
        </test-method> <!-- reg_test4 -->
        <test-method status="PASS" signature="reg_test4(java.lang.String, java.lang.String, java.lang.String, java.lang.String)[pri:0, instance:com.deena.TestNGLearn.YahooRegistrationTest@7946e1f4]" name="reg_test4" duration-ms="2" started-at="2016-10-14T14:44:57Z" data-provider="myregCommonData" finished-at="2016-10-14T14:44:57Z">
          <params>
            <param index="0">
              <value>
                <![CDATA[Saurav]]>
              </value>
            </param>
            <param index="1">
              <value>
                <![CDATA[password2]]>
              </value>
            </param>
            <param index="2">
              <value>
                <![CDATA[saurav@test.com]]>
              </value>
            </param>
            <param index="3">
              <value>
                <![CDATA[Kolkata]]>
              </value>
            </param>
          </params>
          <reporter-output>
          </reporter-output>
        </test-method> <!-- reg_test4 -->
        <test-method status="PASS" signature="reg_test4(java.lang.String, java.lang.String, java.lang.String, java.lang.String)[pri:0, instance:com.deena.TestNGLearn.YahooRegistrationTest@7946e1f4]" name="reg_test4" duration-ms="2" started-at="2016-10-14T14:44:57Z" data-provider="myregCommonData" finished-at="2016-10-14T14:44:57Z">
          <params>
            <param index="0">
              <value>
                <![CDATA[Dhoni]]>
              </value>
            </param>
            <param index="1">
              <value>
                <![CDATA[password3]]>
              </value>
            </param>
            <param index="2">
              <value>
                <![CDATA[dhoni@test.com]]>
              </value>
            </param>
            <param index="3">
              <value>
                <![CDATA[Chennai]]>
              </value>
            </param>
          </params>
          <reporter-output>
          </reporter-output>
        </test-method> <!-- reg_test4 -->
        <test-method status="PASS" signature="reg_test4(java.lang.String, java.lang.String, java.lang.String, java.lang.String)[pri:0, instance:com.deena.TestNGLearn.YahooRegistrationTest@7946e1f4]" name="reg_test4" duration-ms="1" started-at="2016-10-14T14:44:57Z" data-provider="myregCommonData" finished-at="2016-10-14T14:44:57Z">
          <params>
            <param index="0">
              <value>
                <![CDATA[Rahul]]>
              </value>
            </param>
            <param index="1">
              <value>
                <![CDATA[password4]]>
              </value>
            </param>
            <param index="2">
              <value>
                <![CDATA[rahul@test.com]]>
              </value>
            </param>
            <param index="3">
              <value>
                <![CDATA[Banglore]]>
              </value>
            </param>
          </params>
          <reporter-output>
          </reporter-output>
        </test-method> <!-- reg_test4 -->
      </class> <!-- com.deena.TestNGLearn.YahooRegistrationTest -->
    </test> <!-- test2_anyTestSuite3 -->
  </suite> <!-- suite3_anyName -->
</testng-results>
