<?xml version="1.0" encoding="UTF-8"?>
<!-- Generated by org.testng.reporters.JUnitXMLReporter -->
<testsuite hostname="LAP-04-1581" name="any test name 3" tests="16" failures="0" timestamp="25 Aug 2016 10:21:10 GMT" time="0.074" errors="0">
  <testcase name="registration_test" time="0.003" classname="com.deena.TestNGLearn.YahooRegistrationTest"/>
  <testcase name="registration_test" time="0.008" classname="com.deena.TestNGLearn.YahooRegistrationTest"/>
  <testcase name="registration_test" time="0.002" classname="com.deena.TestNGLearn.YahooRegistrationTest"/>
  <testcase name="registration_test" time="0.001" classname="com.deena.TestNGLearn.YahooRegistrationTest"/>
  <testcase name="registration_test1" time="0.001" classname="com.deena.TestNGLearn.YahooRegistrationTest"/>
  <testcase name="registration_test1" time="0.002" classname="com.deena.TestNGLearn.YahooRegistrationTest"/>
  <testcase name="registration_test2" time="0.002" classname="com.deena.TestNGLearn.YahooRegistrationTest"/>
  <testcase name="registration_test2" time="0.002" classname="com.deena.TestNGLearn.YahooRegistrationTest"/>
  <testcase name="registration_test3" time="0.002" classname="com.deena.TestNGLearn.YahooRegistrationTest"/>
  <testcase name="registration_test3" time="0.004" classname="com.deena.TestNGLearn.YahooRegistrationTest"/>
  <testcase name="registration_test3" time="0.001" classname="com.deena.TestNGLearn.YahooRegistrationTest"/>
  <testcase name="registration_test3" time="0.001" classname="com.deena.TestNGLearn.YahooRegistrationTest"/>
  <testcase name="registration_test3" time="0.001" classname="com.deena.TestNGLearn.YahooRegistrationTest"/>
  <testcase name="registration_test3" time="0.001" classname="com.deena.TestNGLearn.YahooRegistrationTest"/>
  <testcase name="registration_test3" time="0.001" classname="com.deena.TestNGLearn.YahooRegistrationTest"/>
  <testcase name="registration_test3" time="0.008" classname="com.deena.TestNGLearn.YahooRegistrationTest"/>
</testsuite> <!-- any test name 3 -->
