<?xml version="1.0" encoding="UTF-8"?>
<!-- Generated by org.testng.reporters.JUnitXMLReporter -->
<testsuite hostname="LAP-04-1581" name="any test name2" tests="19" failures="2" timestamp="6 Aug 2016 02:03:13 GMT" time="0.15" errors="0">
  <testcase name="News_Test1" time="0.002" classname="com.deena.TestNGLearn.YahooNewsTest"/>
  <testcase name="News_Test2" time="0.001" classname="com.deena.TestNGLearn.YahooNewsTest">
    <failure type="java.lang.AssertionError" message="expected [test1] but found [test2]">
      <![CDATA[java.lang.AssertionError: expected [test1] but found [test2]
	at com.deena.TestNGLearn.YahooNewsTest.News_Test2(YahooNewsTest.java:18)
... Removed 30 stack frames]]>
    </failure>
  </testcase> <!-- News_Test2 -->
  <testcase name="News_Test3" time="0.0" classname="com.deena.TestNGLearn.YahooNewsTest">
    <skipped/>
  </testcase> <!-- News_Test3 -->
  <testcase name="test1" time="0.001" classname="com.deena.TestNGLearn.YahooTest"/>
  <testcase name="test2" time="0.009" classname="com.deena.TestNGLearn.YahooTest"/>
  <testcase name="test3" time="0.002" classname="com.deena.TestNGLearn.YahooTest">
    <skipped/>
  </testcase> <!-- test3 -->
  <testcase name="test4" time="0.001" classname="com.deena.TestNGLearn.YahooTest">
    <failure type="java.lang.AssertionError" message="expected [test5] but found [test4]">
      <![CDATA[java.lang.AssertionError: expected [test5] but found [test4]
	at com.deena.TestNGLearn.YahooTest.test4(YahooTest.java:37)
... Removed 30 stack frames]]>
    </failure>
  </testcase> <!-- test4 -->
  <testcase name="registration_test" time="0.002" classname="com.deena.TestNGLearn.YahooRegistrationTest"/>
  <testcase name="registration_test" time="0.006" classname="com.deena.TestNGLearn.YahooRegistrationTest"/>
  <testcase name="registration_test" time="0.004" classname="com.deena.TestNGLearn.YahooRegistrationTest"/>
  <testcase name="registration_test" time="0.002" classname="com.deena.TestNGLearn.YahooRegistrationTest"/>
  <testcase name="registration_test1" time="0.013" classname="com.deena.TestNGLearn.YahooRegistrationTest"/>
  <testcase name="registration_test1" time="0.001" classname="com.deena.TestNGLearn.YahooRegistrationTest"/>
  <testcase name="registration_test2" time="0.003" classname="com.deena.TestNGLearn.YahooRegistrationTest"/>
  <testcase name="registration_test2" time="0.005" classname="com.deena.TestNGLearn.YahooRegistrationTest"/>
  <testcase name="registration_test3" time="0.003" classname="com.deena.TestNGLearn.YahooRegistrationTest"/>
  <testcase name="registration_test3" time="0.006" classname="com.deena.TestNGLearn.YahooRegistrationTest"/>
  <testcase name="registration_test3" time="0.003" classname="com.deena.TestNGLearn.YahooRegistrationTest"/>
  <testcase name="registration_test3" time="0.004" classname="com.deena.TestNGLearn.YahooRegistrationTest"/>
</testsuite> <!-- any test name2 -->
