<?xml version="1.0" encoding="UTF-8"?>
<!-- Generated by org.testng.reporters.JUnitXMLReporter -->
<testsuite hostname="LAP-04-1581" name="any test name1" tests="4" failures="0" timestamp="6 Aug 2016 02:20:16 GMT" time="0.039" errors="0">
  <testcase name="test1" time="0.006" classname="com.deena.TestNGLearn.YahooTest"/>
  <testcase name="test2" time="0.002" classname="com.deena.TestNGLearn.YahooTest"/>
  <testcase name="test3" time="0.002" classname="com.deena.TestNGLearn.YahooTest">
    <skipped/>
  </testcase> <!-- test3 -->
  <testcase name="test4" time="0.007" classname="com.deena.TestNGLearn.YahooTest"/>
</testsuite> <!-- any test name1 -->
